<?xml version="1.0" encoding="UTF-8"?>
<testng-results skipped="0" failed="0" total="28" passed="28">
  <reporter-output>
  </reporter-output>
  <suite name="Command line suite" duration-ms="693" started-at="2017-09-07T11:58:18Z" finished-at="2017-09-07T11:58:18Z">
    <groups>
    </groups>
    <test name="Command line test" duration-ms="693" started-at="2017-09-07T11:58:18Z" finished-at="2017-09-07T11:58:18Z">
      <class name="com.yahoo.ycsb.TestUtils">
        <test-method status="PASS" signature="bytesToDoubleTooShort()" name="bytesToDoubleTooShort" duration-ms="0" started-at="2017-09-07T11:58:18Z" finished-at="2017-09-07T11:58:18Z">
          <exception class="java.lang.IllegalArgumentException">
            <message>
              <![CDATA[Byte array must be 8 bytes wide.]]>
            </message>
            <full-stacktrace>
              <![CDATA[java.lang.IllegalArgumentException: Byte array must be 8 bytes wide.
	at com.yahoo.ycsb.Utils.bytesToDouble(Utils.java:126)
	at com.yahoo.ycsb.TestUtils.bytesToDoubleTooShort(TestUtils.java:99)
	at sun.reflect.NativeMethodAccessorImpl.invoke0(Native Method)
	at sun.reflect.NativeMethodAccessorImpl.invoke(NativeMethodAccessorImpl.java:62)
	at sun.reflect.DelegatingMethodAccessorImpl.invoke(DelegatingMethodAccessorImpl.java:43)
	at java.lang.reflect.Method.invoke(Method.java:498)
	at org.testng.internal.MethodInvocationHelper.invokeMethod(MethodInvocationHelper.java:80)
	at org.testng.internal.Invoker.invokeMethod(Invoker.java:673)
	at org.testng.internal.Invoker.invokeTestMethod(Invoker.java:842)
	at org.testng.internal.Invoker.invokeTestMethods(Invoker.java:1166)
	at org.testng.internal.TestMethodWorker.invokeTestMethods(TestMethodWorker.java:125)
	at org.testng.internal.TestMethodWorker.run(TestMethodWorker.java:109)
	at org.testng.TestRunner.runWorkers(TestRunner.java:1178)
	at org.testng.TestRunner.privateRun(TestRunner.java:757)
	at org.testng.TestRunner.run(TestRunner.java:608)
	at org.testng.SuiteRunner.runTest(SuiteRunner.java:334)
	at org.testng.SuiteRunner.runSequentially(SuiteRunner.java:329)
	at org.testng.SuiteRunner.privateRun(SuiteRunner.java:291)
	at org.testng.SuiteRunner.run(SuiteRunner.java:240)
	at org.testng.SuiteRunnerWorker.runSuite(SuiteRunnerWorker.java:52)
	at org.testng.SuiteRunnerWorker.run(SuiteRunnerWorker.java:86)
	at org.testng.TestNG.runSuitesSequentially(TestNG.java:1158)
	at org.testng.TestNG.runSuitesLocally(TestNG.java:1083)
	at org.testng.TestNG.run(TestNG.java:999)
	at org.apache.maven.surefire.testng.TestNGExecutor.run(TestNGExecutor.java:70)
	at org.apache.maven.surefire.testng.TestNGDirectoryTestSuite.executeMulti(TestNGDirectoryTestSuite.java:158)
	at org.apache.maven.surefire.testng.TestNGDirectoryTestSuite.execute(TestNGDirectoryTestSuite.java:98)
	at org.apache.maven.surefire.testng.TestNGProvider.invoke(TestNGProvider.java:111)
	at sun.reflect.NativeMethodAccessorImpl.invoke0(Native Method)
	at sun.reflect.NativeMethodAccessorImpl.invoke(NativeMethodAccessorImpl.java:62)
	at sun.reflect.DelegatingMethodAccessorImpl.invoke(DelegatingMethodAccessorImpl.java:43)
	at java.lang.reflect.Method.invoke(Method.java:498)
	at org.apache.maven.surefire.util.ReflectionUtils.invokeMethodWithArray(ReflectionUtils.java:164)
	at org.apache.maven.surefire.booter.ProviderFactory$ProviderProxy.invoke(ProviderFactory.java:110)
	at org.apache.maven.surefire.booter.SurefireStarter.invokeProvider(SurefireStarter.java:175)
	at org.apache.maven.surefire.booter.SurefireStarter.runSuitesInProcessWhenForked(SurefireStarter.java:107)
	at org.apache.maven.surefire.booter.ForkedBooter.main(ForkedBooter.java:68)
]]>
            </full-stacktrace>
          </exception>
        </test-method>
        <test-method status="PASS" signature="bytesToLongTooShort()" name="bytesToLongTooShort" duration-ms="1" started-at="2017-09-07T11:58:18Z" finished-at="2017-09-07T11:58:18Z">
          <exception class="java.lang.ArrayIndexOutOfBoundsException">
            <message>
              <![CDATA[7]]>
            </message>
            <full-stacktrace>
              <![CDATA[java.lang.ArrayIndexOutOfBoundsException: 7
	at com.yahoo.ycsb.Utils.bytesToLong(Utils.java:87)
	at com.yahoo.ycsb.TestUtils.bytesToLongTooShort(TestUtils.java:94)
	at sun.reflect.NativeMethodAccessorImpl.invoke0(Native Method)
	at sun.reflect.NativeMethodAccessorImpl.invoke(NativeMethodAccessorImpl.java:62)
	at sun.reflect.DelegatingMethodAccessorImpl.invoke(DelegatingMethodAccessorImpl.java:43)
	at java.lang.reflect.Method.invoke(Method.java:498)
	at org.testng.internal.MethodInvocationHelper.invokeMethod(MethodInvocationHelper.java:80)
	at org.testng.internal.Invoker.invokeMethod(Invoker.java:673)
	at org.testng.internal.Invoker.invokeTestMethod(Invoker.java:842)
	at org.testng.internal.Invoker.invokeTestMethods(Invoker.java:1166)
	at org.testng.internal.TestMethodWorker.invokeTestMethods(TestMethodWorker.java:125)
	at org.testng.internal.TestMethodWorker.run(TestMethodWorker.java:109)
	at org.testng.TestRunner.runWorkers(TestRunner.java:1178)
	at org.testng.TestRunner.privateRun(TestRunner.java:757)
	at org.testng.TestRunner.run(TestRunner.java:608)
	at org.testng.SuiteRunner.runTest(SuiteRunner.java:334)
	at org.testng.SuiteRunner.runSequentially(SuiteRunner.java:329)
	at org.testng.SuiteRunner.privateRun(SuiteRunner.java:291)
	at org.testng.SuiteRunner.run(SuiteRunner.java:240)
	at org.testng.SuiteRunnerWorker.runSuite(SuiteRunnerWorker.java:52)
	at org.testng.SuiteRunnerWorker.run(SuiteRunnerWorker.java:86)
	at org.testng.TestNG.runSuitesSequentially(TestNG.java:1158)
	at org.testng.TestNG.runSuitesLocally(TestNG.java:1083)
	at org.testng.TestNG.run(TestNG.java:999)
	at org.apache.maven.surefire.testng.TestNGExecutor.run(TestNGExecutor.java:70)
	at org.apache.maven.surefire.testng.TestNGDirectoryTestSuite.executeMulti(TestNGDirectoryTestSuite.java:158)
	at org.apache.maven.surefire.testng.TestNGDirectoryTestSuite.execute(TestNGDirectoryTestSuite.java:98)
	at org.apache.maven.surefire.testng.TestNGProvider.invoke(TestNGProvider.java:111)
	at sun.reflect.NativeMethodAccessorImpl.invoke0(Native Method)
	at sun.reflect.NativeMethodAccessorImpl.invoke(NativeMethodAccessorImpl.java:62)
	at sun.reflect.DelegatingMethodAccessorImpl.invoke(DelegatingMethodAccessorImpl.java:43)
	at java.lang.reflect.Method.invoke(Method.java:498)
	at org.apache.maven.surefire.util.ReflectionUtils.invokeMethodWithArray(ReflectionUtils.java:164)
	at org.apache.maven.surefire.booter.ProviderFactory$ProviderProxy.invoke(ProviderFactory.java:110)
	at org.apache.maven.surefire.booter.SurefireStarter.invokeProvider(SurefireStarter.java:175)
	at org.apache.maven.surefire.booter.SurefireStarter.runSuitesInProcessWhenForked(SurefireStarter.java:107)
	at org.apache.maven.surefire.booter.ForkedBooter.main(ForkedBooter.java:68)
]]>
            </full-stacktrace>
          </exception>
        </test-method>
        <test-method status="PASS" signature="bytesToLongNull()" name="bytesToLongNull" duration-ms="0" started-at="2017-09-07T11:58:18Z" finished-at="2017-09-07T11:58:18Z">
          <exception class="java.lang.NullPointerException">
            <full-stacktrace>
              <![CDATA[java.lang.NullPointerException
	at com.yahoo.ycsb.Utils.bytesToLong(Utils.java:87)
	at com.yahoo.ycsb.TestUtils.bytesToLongNull(TestUtils.java:89)
	at sun.reflect.NativeMethodAccessorImpl.invoke0(Native Method)
	at sun.reflect.NativeMethodAccessorImpl.invoke(NativeMethodAccessorImpl.java:62)
	at sun.reflect.DelegatingMethodAccessorImpl.invoke(DelegatingMethodAccessorImpl.java:43)
	at java.lang.reflect.Method.invoke(Method.java:498)
	at org.testng.internal.MethodInvocationHelper.invokeMethod(MethodInvocationHelper.java:80)
	at org.testng.internal.Invoker.invokeMethod(Invoker.java:673)
	at org.testng.internal.Invoker.invokeTestMethod(Invoker.java:842)
	at org.testng.internal.Invoker.invokeTestMethods(Invoker.java:1166)
	at org.testng.internal.TestMethodWorker.invokeTestMethods(TestMethodWorker.java:125)
	at org.testng.internal.TestMethodWorker.run(TestMethodWorker.java:109)
	at org.testng.TestRunner.runWorkers(TestRunner.java:1178)
	at org.testng.TestRunner.privateRun(TestRunner.java:757)
	at org.testng.TestRunner.run(TestRunner.java:608)
	at org.testng.SuiteRunner.runTest(SuiteRunner.java:334)
	at org.testng.SuiteRunner.runSequentially(SuiteRunner.java:329)
	at org.testng.SuiteRunner.privateRun(SuiteRunner.java:291)
	at org.testng.SuiteRunner.run(SuiteRunner.java:240)
	at org.testng.SuiteRunnerWorker.runSuite(SuiteRunnerWorker.java:52)
	at org.testng.SuiteRunnerWorker.run(SuiteRunnerWorker.java:86)
	at org.testng.TestNG.runSuitesSequentially(TestNG.java:1158)
	at org.testng.TestNG.runSuitesLocally(TestNG.java:1083)
	at org.testng.TestNG.run(TestNG.java:999)
	at org.apache.maven.surefire.testng.TestNGExecutor.run(TestNGExecutor.java:70)
	at org.apache.maven.surefire.testng.TestNGDirectoryTestSuite.executeMulti(TestNGDirectoryTestSuite.java:158)
	at org.apache.maven.surefire.testng.TestNGDirectoryTestSuite.execute(TestNGDirectoryTestSuite.java:98)
	at org.apache.maven.surefire.testng.TestNGProvider.invoke(TestNGProvider.java:111)
	at sun.reflect.NativeMethodAccessorImpl.invoke0(Native Method)
	at sun.reflect.NativeMethodAccessorImpl.invoke(NativeMethodAccessorImpl.java:62)
	at sun.reflect.DelegatingMethodAccessorImpl.invoke(DelegatingMethodAccessorImpl.java:43)
	at java.lang.reflect.Method.invoke(Method.java:498)
	at org.apache.maven.surefire.util.ReflectionUtils.invokeMethodWithArray(ReflectionUtils.java:164)
	at org.apache.maven.surefire.booter.ProviderFactory$ProviderProxy.invoke(ProviderFactory.java:110)
	at org.apache.maven.surefire.booter.SurefireStarter.invokeProvider(SurefireStarter.java:175)
	at org.apache.maven.surefire.booter.SurefireStarter.runSuitesInProcessWhenForked(SurefireStarter.java:107)
	at org.apache.maven.surefire.booter.ForkedBooter.main(ForkedBooter.java:68)
]]>
            </full-stacktrace>
          </exception>
        </test-method>
        <test-method status="PASS" signature="bytesToFromLong()" name="bytesToFromLong" duration-ms="0" started-at="2017-09-07T11:58:18Z" finished-at="2017-09-07T11:58:18Z">
        </test-method>
        <test-method status="PASS" signature="bytesToFromDouble()" name="bytesToFromDouble" duration-ms="0" started-at="2017-09-07T11:58:18Z" finished-at="2017-09-07T11:58:18Z">
        </test-method>
        <test-method status="PASS" signature="jvmUtils()" name="jvmUtils" duration-ms="9" started-at="2017-09-07T11:58:18Z" finished-at="2017-09-07T11:58:18Z">
        </test-method>
      </class>
      <class name="com.yahoo.ycsb.TestByteIterator">
        <test-method status="PASS" signature="testRandomByteIterator()" name="testRandomByteIterator" duration-ms="7" started-at="2017-09-07T11:58:18Z" finished-at="2017-09-07T11:58:18Z">
        </test-method>
      </class>
      <class name="com.yahoo.ycsb.measurements.exporter.TestMeasurementsExporter">
        <test-method status="PASS" signature="testJSONArrayMeasurementsExporter()" name="testJSONArrayMeasurementsExporter" duration-ms="217" started-at="2017-09-07T11:58:18Z" finished-at="2017-09-07T11:58:18Z">
        </test-method>
      </class>
      <class name="com.yahoo.ycsb.generator.TestUnixEpochTimestampGenerator">
        <test-method status="PASS" signature="ctorWithIntervalAndUnitsAndStart()" name="ctorWithIntervalAndUnitsAndStart" duration-ms="0" started-at="2017-09-07T11:58:18Z" finished-at="2017-09-07T11:58:18Z">
        </test-method>
        <test-method status="PASS" signature="defaultCtor()" name="defaultCtor" duration-ms="1" started-at="2017-09-07T11:58:18Z" finished-at="2017-09-07T11:58:18Z">
        </test-method>
        <test-method status="PASS" signature="ctorWithIntervalAndUnits()" name="ctorWithIntervalAndUnits" duration-ms="0" started-at="2017-09-07T11:58:18Z" finished-at="2017-09-07T11:58:18Z">
        </test-method>
        <test-method status="PASS" signature="variousIntervalsAndUnits()" name="variousIntervalsAndUnits" duration-ms="0" started-at="2017-09-07T11:58:18Z" finished-at="2017-09-07T11:58:18Z">
        </test-method>
      </class>
      <class name="com.yahoo.ycsb.TestStatus">
        <test-method status="PASS" signature="testAcceptableStatus()" name="testAcceptableStatus" duration-ms="2" started-at="2017-09-07T11:58:18Z" finished-at="2017-09-07T11:58:18Z">
        </test-method>
      </class>
      <class name="com.yahoo.ycsb.generator.TestZipfianGenerator">
        <test-method status="PASS" signature="testMinAndMaxParameter()" name="testMinAndMaxParameter" duration-ms="6" started-at="2017-09-07T11:58:18Z" finished-at="2017-09-07T11:58:18Z">
        </test-method>
      </class>
      <class name="com.yahoo.ycsb.generator.AcknowledgedCounterGeneratorTest">
        <test-method status="PASS" signature="testIncrementPastIntegerMaxValue()" name="testIncrementPastIntegerMaxValue" duration-ms="409" started-at="2017-09-07T11:58:18Z" finished-at="2017-09-07T11:58:18Z">
        </test-method>
      </class>
      <class name="com.yahoo.ycsb.generator.TestIncrementingPrintableStringGenerator">
        <test-method status="PASS" signature="invalidCharacterSets()" name="invalidCharacterSets" duration-ms="1" started-at="2017-09-07T11:58:18Z" finished-at="2017-09-07T11:58:18Z">
        </test-method>
        <test-method status="PASS" signature="invalidLengths()" name="invalidLengths" duration-ms="1" started-at="2017-09-07T11:58:18Z" finished-at="2017-09-07T11:58:18Z">
        </test-method>
        <test-method status="PASS" signature="rolloverOK()" name="rolloverOK" duration-ms="0" started-at="2017-09-07T11:58:18Z" finished-at="2017-09-07T11:58:18Z">
        </test-method>
        <test-method status="PASS" signature="rolloverException()" name="rolloverException" duration-ms="0" started-at="2017-09-07T11:58:18Z" finished-at="2017-09-07T11:58:18Z">
        </test-method>
        <test-method status="PASS" signature="rolloverOneCharacterException()" name="rolloverOneCharacterException" duration-ms="1" started-at="2017-09-07T11:58:18Z" finished-at="2017-09-07T11:58:18Z">
        </test-method>
        <test-method status="PASS" signature="rolloverOneCharacterOK()" name="rolloverOneCharacterOK" duration-ms="0" started-at="2017-09-07T11:58:18Z" finished-at="2017-09-07T11:58:18Z">
        </test-method>
      </class>
      <class name="com.yahoo.ycsb.workloads.TestCoreWorkload">
        <test-method status="PASS" signature="createOperationChooser()" name="createOperationChooser" duration-ms="9" started-at="2017-09-07T11:58:18Z" finished-at="2017-09-07T11:58:18Z">
        </test-method>
        <test-method status="PASS" signature="createOperationChooserNullProperties()" name="createOperationChooserNullProperties" duration-ms="0" started-at="2017-09-07T11:58:18Z" finished-at="2017-09-07T11:58:18Z">
          <exception class="java.lang.IllegalArgumentException">
            <message>
              <![CDATA[Properties object cannot be null]]>
            </message>
            <full-stacktrace>
              <![CDATA[java.lang.IllegalArgumentException: Properties object cannot be null
	at com.yahoo.ycsb.workloads.CoreWorkload.createOperationGenerator(CoreWorkload.java:804)
	at com.yahoo.ycsb.workloads.TestCoreWorkload.createOperationChooserNullProperties(TestCoreWorkload.java:68)
	at sun.reflect.NativeMethodAccessorImpl.invoke0(Native Method)
	at sun.reflect.NativeMethodAccessorImpl.invoke(NativeMethodAccessorImpl.java:62)
	at sun.reflect.DelegatingMethodAccessorImpl.invoke(DelegatingMethodAccessorImpl.java:43)
	at java.lang.reflect.Method.invoke(Method.java:498)
	at org.testng.internal.MethodInvocationHelper.invokeMethod(MethodInvocationHelper.java:80)
	at org.testng.internal.Invoker.invokeMethod(Invoker.java:673)
	at org.testng.internal.Invoker.invokeTestMethod(Invoker.java:842)
	at org.testng.internal.Invoker.invokeTestMethods(Invoker.java:1166)
	at org.testng.internal.TestMethodWorker.invokeTestMethods(TestMethodWorker.java:125)
	at org.testng.internal.TestMethodWorker.run(TestMethodWorker.java:109)
	at org.testng.TestRunner.runWorkers(TestRunner.java:1178)
	at org.testng.TestRunner.privateRun(TestRunner.java:757)
	at org.testng.TestRunner.run(TestRunner.java:608)
	at org.testng.SuiteRunner.runTest(SuiteRunner.java:334)
	at org.testng.SuiteRunner.runSequentially(SuiteRunner.java:329)
	at org.testng.SuiteRunner.privateRun(SuiteRunner.java:291)
	at org.testng.SuiteRunner.run(SuiteRunner.java:240)
	at org.testng.SuiteRunnerWorker.runSuite(SuiteRunnerWorker.java:52)
	at org.testng.SuiteRunnerWorker.run(SuiteRunnerWorker.java:86)
	at org.testng.TestNG.runSuitesSequentially(TestNG.java:1158)
	at org.testng.TestNG.runSuitesLocally(TestNG.java:1083)
	at org.testng.TestNG.run(TestNG.java:999)
	at org.apache.maven.surefire.testng.TestNGExecutor.run(TestNGExecutor.java:70)
	at org.apache.maven.surefire.testng.TestNGDirectoryTestSuite.executeMulti(TestNGDirectoryTestSuite.java:158)
	at org.apache.maven.surefire.testng.TestNGDirectoryTestSuite.execute(TestNGDirectoryTestSuite.java:98)
	at org.apache.maven.surefire.testng.TestNGProvider.invoke(TestNGProvider.java:111)
	at sun.reflect.NativeMethodAccessorImpl.invoke0(Native Method)
	at sun.reflect.NativeMethodAccessorImpl.invoke(NativeMethodAccessorImpl.java:62)
	at sun.reflect.DelegatingMethodAccessorImpl.invoke(DelegatingMethodAccessorImpl.java:43)
	at java.lang.reflect.Method.invoke(Method.java:498)
	at org.apache.maven.surefire.util.ReflectionUtils.invokeMethodWithArray(ReflectionUtils.java:164)
	at org.apache.maven.surefire.booter.ProviderFactory$ProviderProxy.invoke(ProviderFactory.java:110)
	at org.apache.maven.surefire.booter.SurefireStarter.invokeProvider(SurefireStarter.java:175)
	at org.apache.maven.surefire.booter.SurefireStarter.runSuitesInProcessWhenForked(SurefireStarter.java:107)
	at org.apache.maven.surefire.booter.ForkedBooter.main(ForkedBooter.java:68)
]]>
            </full-stacktrace>
          </exception>
        </test-method>
      </class>
      <class name="com.yahoo.ycsb.TestNumericByteIterator">
        <test-method status="PASS" signature="testDouble()" name="testDouble" duration-ms="2" started-at="2017-09-07T11:58:18Z" finished-at="2017-09-07T11:58:18Z">
        </test-method>
        <test-method status="PASS" signature="testLong()" name="testLong" duration-ms="0" started-at="2017-09-07T11:58:18Z" finished-at="2017-09-07T11:58:18Z">
        </test-method>
      </class>
      <class name="com.yahoo.ycsb.generator.TestRandomDiscreteTimestampGenerator">
        <test-method status="PASS" signature="systemTime()" name="systemTime" duration-ms="1" started-at="2017-09-07T11:58:18Z" finished-at="2017-09-07T11:58:18Z">
        </test-method>
        <test-method status="PASS" signature="tooLarge()" name="tooLarge" duration-ms="16" started-at="2017-09-07T11:58:18Z" finished-at="2017-09-07T11:58:18Z">
          <exception class="java.lang.IllegalArgumentException">
            <message>
              <![CDATA[Too many intervals for the in-memory array. The limit is 16777216.]]>
            </message>
            <full-stacktrace>
              <![CDATA[java.lang.IllegalArgumentException: Too many intervals for the in-memory array. The limit is 16777216.
	at com.yahoo.ycsb.generator.RandomDiscreteTimestampGenerator.setup(RandomDiscreteTimestampGenerator.java:99)
	at com.yahoo.ycsb.generator.RandomDiscreteTimestampGenerator.<init>(RandomDiscreteTimestampGenerator.java:70)
	at com.yahoo.ycsb.generator.TestRandomDiscreteTimestampGenerator.tooLarge(TestRandomDiscreteTimestampGenerator.java:69)
	at sun.reflect.NativeMethodAccessorImpl.invoke0(Native Method)
	at sun.reflect.NativeMethodAccessorImpl.invoke(NativeMethodAccessorImpl.java:62)
	at sun.reflect.DelegatingMethodAccessorImpl.invoke(DelegatingMethodAccessorImpl.java:43)
	at java.lang.reflect.Method.invoke(Method.java:498)
	at org.testng.internal.MethodInvocationHelper.invokeMethod(MethodInvocationHelper.java:80)
	at org.testng.internal.Invoker.invokeMethod(Invoker.java:673)
	at org.testng.internal.Invoker.invokeTestMethod(Invoker.java:842)
	at org.testng.internal.Invoker.invokeTestMethods(Invoker.java:1166)
	at org.testng.internal.TestMethodWorker.invokeTestMethods(TestMethodWorker.java:125)
	at org.testng.internal.TestMethodWorker.run(TestMethodWorker.java:109)
	at org.testng.TestRunner.runWorkers(TestRunner.java:1178)
	at org.testng.TestRunner.privateRun(TestRunner.java:757)
	at org.testng.TestRunner.run(TestRunner.java:608)
	at org.testng.SuiteRunner.runTest(SuiteRunner.java:334)
	at org.testng.SuiteRunner.runSequentially(SuiteRunner.java:329)
	at org.testng.SuiteRunner.privateRun(SuiteRunner.java:291)
	at org.testng.SuiteRunner.run(SuiteRunner.java:240)
	at org.testng.SuiteRunnerWorker.runSuite(SuiteRunnerWorker.java:52)
	at org.testng.SuiteRunnerWorker.run(SuiteRunnerWorker.java:86)
	at org.testng.TestNG.runSuitesSequentially(TestNG.java:1158)
	at org.testng.TestNG.runSuitesLocally(TestNG.java:1083)
	at org.testng.TestNG.run(TestNG.java:999)
	at org.apache.maven.surefire.testng.TestNGExecutor.run(TestNGExecutor.java:70)
	at org.apache.maven.surefire.testng.TestNGDirectoryTestSuite.executeMulti(TestNGDirectoryTestSuite.java:158)
	at org.apache.maven.surefire.testng.TestNGDirectoryTestSuite.execute(TestNGDirectoryTestSuite.java:98)
	at org.apache.maven.surefire.testng.TestNGProvider.invoke(TestNGProvider.java:111)
	at sun.reflect.NativeMethodAccessorImpl.invoke0(Native Method)
	at sun.reflect.NativeMethodAccessorImpl.invoke(NativeMethodAccessorImpl.java:62)
	at sun.reflect.DelegatingMethodAccessorImpl.invoke(DelegatingMethodAccessorImpl.java:43)
	at java.lang.reflect.Method.invoke(Method.java:498)
	at org.apache.maven.surefire.util.ReflectionUtils.invokeMethodWithArray(ReflectionUtils.java:164)
	at org.apache.maven.surefire.booter.ProviderFactory$ProviderProxy.invoke(ProviderFactory.java:110)
	at org.apache.maven.surefire.booter.SurefireStarter.invokeProvider(SurefireStarter.java:175)
	at org.apache.maven.surefire.booter.SurefireStarter.runSuitesInProcessWhenForked(SurefireStarter.java:107)
	at org.apache.maven.surefire.booter.ForkedBooter.main(ForkedBooter.java:68)
]]>
            </full-stacktrace>
          </exception>
        </test-method>
        <test-method status="PASS" signature="withStartTime()" name="withStartTime" duration-ms="1" started-at="2017-09-07T11:58:18Z" finished-at="2017-09-07T11:58:18Z">
        </test-method>
      </class>
    </test>
  </suite>
</testng-results>
